<?xml version="1.0" encoding="UTF-8"?>
<testng-results ignored="0" total="9" passed="8" failed="1" skipped="0">
  <reporter-output>
  </reporter-output>
  <suite started-at="2025-06-07T12:15:21 IST" name="Open Cart Test Regression PW Suite" finished-at="2025-06-07T12:16:21 IST" duration-ms="59999">
    <groups>
    </groups>
    <test started-at="2025-06-07T12:15:21 IST" name="Open Cart Home Page Test_chrome" finished-at="2025-06-07T12:16:02 IST" duration-ms="40968">
      <class name="com.qa.opencart.tests.HomePageTest">
        <test-method is-config="true" signature="setup()[pri:0, instance:com.qa.opencart.tests.HomePageTest@d737b89]" started-at="2025-06-07T12:15:21 IST" name="setup" finished-at="2025-06-07T12:15:44 IST" duration-ms="23259" status="PASS">
          <reporter-output>
          </reporter-output>
        </test-method> <!-- setup -->
        <test-method signature="homePageTitleTest()[pri:0, instance:com.qa.opencart.tests.HomePageTest@d737b89]" started-at="2025-06-07T12:15:44 IST" name="homePageTitleTest" finished-at="2025-06-07T12:15:44 IST" duration-ms="81" status="PASS">
          <reporter-output>
          </reporter-output>
        </test-method> <!-- homePageTitleTest -->
        <test-method signature="homePageURLTest()[pri:0, instance:com.qa.opencart.tests.HomePageTest@d737b89]" started-at="2025-06-07T12:15:44 IST" name="homePageURLTest" finished-at="2025-06-07T12:15:44 IST" duration-ms="3" status="PASS">
          <reporter-output>
          </reporter-output>
        </test-method> <!-- homePageURLTest -->
        <test-method signature="searchTest(java.lang.String)[pri:0, instance:com.qa.opencart.tests.HomePageTest@d737b89]" started-at="2025-06-07T12:15:44 IST" name="searchTest" data-provider="getProductData" finished-at="2025-06-07T12:15:50 IST" duration-ms="5790" status="PASS">
          <params>
            <param index="0">
              <value>
                <![CDATA[Macbook]]>
              </value>
            </param>
          </params>
          <reporter-output>
          </reporter-output>
        </test-method> <!-- searchTest -->
        <test-method signature="searchTest(java.lang.String)[pri:0, instance:com.qa.opencart.tests.HomePageTest@d737b89]" started-at="2025-06-07T12:15:50 IST" name="searchTest" data-provider="getProductData" finished-at="2025-06-07T12:15:55 IST" duration-ms="5531" status="PASS">
          <params>
            <param index="0">
              <value>
                <![CDATA[iMac]]>
              </value>
            </param>
          </params>
          <reporter-output>
          </reporter-output>
        </test-method> <!-- searchTest -->
        <test-method signature="searchTest(java.lang.String)[pri:0, instance:com.qa.opencart.tests.HomePageTest@d737b89]" started-at="2025-06-07T12:15:55 IST" name="searchTest" data-provider="getProductData" finished-at="2025-06-07T12:16:01 IST" duration-ms="5598" status="PASS">
          <params>
            <param index="0">
              <value>
                <![CDATA[Samsung]]>
              </value>
            </param>
          </params>
          <reporter-output>
          </reporter-output>
        </test-method> <!-- searchTest -->
        <test-method is-config="true" signature="tearDown()[pri:0, instance:com.qa.opencart.tests.HomePageTest@d737b89]" started-at="2025-06-07T12:16:01 IST" name="tearDown" finished-at="2025-06-07T12:16:02 IST" duration-ms="601" status="PASS">
          <reporter-output>
          </reporter-output>
        </test-method> <!-- tearDown -->
      </class> <!-- com.qa.opencart.tests.HomePageTest -->
    </test> <!-- Open Cart Home Page Test_chrome -->
    <test started-at="2025-06-07T12:16:03 IST" name="Open Cart Login Page Test_safari" finished-at="2025-06-07T12:16:13 IST" duration-ms="10055">
      <class name="com.qa.opencart.tests.LoginPageTest">
        <test-method is-config="true" signature="setup()[pri:0, instance:com.qa.opencart.tests.LoginPageTest@359df09a]" started-at="2025-06-07T12:16:03 IST" name="setup" finished-at="2025-06-07T12:16:11 IST" duration-ms="8091" status="PASS">
          <reporter-output>
          </reporter-output>
        </test-method> <!-- setup -->
        <test-method signature="loginPageNavigationTest()[pri:1, instance:com.qa.opencart.tests.LoginPageTest@359df09a]" started-at="2025-06-07T12:16:11 IST" name="loginPageNavigationTest" finished-at="2025-06-07T12:16:12 IST" duration-ms="818" status="PASS">
          <reporter-output>
          </reporter-output>
        </test-method> <!-- loginPageNavigationTest -->
        <test-method signature="forgotPwdLinkExistTest()[pri:2, instance:com.qa.opencart.tests.LoginPageTest@359df09a]" started-at="2025-06-07T12:16:12 IST" name="forgotPwdLinkExistTest" finished-at="2025-06-07T12:16:12 IST" duration-ms="32" status="PASS">
          <reporter-output>
          </reporter-output>
        </test-method> <!-- forgotPwdLinkExistTest -->
        <test-method signature="appLoginTest()[pri:3, instance:com.qa.opencart.tests.LoginPageTest@359df09a]" started-at="2025-06-07T12:16:12 IST" name="appLoginTest" finished-at="2025-06-07T12:16:12 IST" duration-ms="661" status="PASS">
          <reporter-output>
          </reporter-output>
        </test-method> <!-- appLoginTest -->
        <test-method is-config="true" signature="tearDown()[pri:0, instance:com.qa.opencart.tests.LoginPageTest@359df09a]" started-at="2025-06-07T12:16:12 IST" name="tearDown" finished-at="2025-06-07T12:16:13 IST" duration-ms="437" status="PASS">
          <reporter-output>
          </reporter-output>
        </test-method> <!-- tearDown -->
      </class> <!-- com.qa.opencart.tests.LoginPageTest -->
    </test> <!-- Open Cart Login Page Test_safari -->
    <test started-at="2025-06-07T12:16:13 IST" name="Iphone add to cart" finished-at="2025-06-07T12:16:21 IST" duration-ms="7918">
      <class name="com.qa.opencart.tests.CartClickTest">
        <test-method is-config="true" signature="setup()[pri:0, instance:com.qa.opencart.tests.CartClickTest@23e84203]" started-at="2025-06-07T12:16:13 IST" name="setup" finished-at="2025-06-07T12:16:18 IST" duration-ms="4806" status="PASS">
          <reporter-output>
          </reporter-output>
        </test-method> <!-- setup -->
        <test-method signature="CartAdd()[pri:0, instance:com.qa.opencart.tests.CartClickTest@23e84203]" started-at="2025-06-07T12:16:18 IST" name="CartAdd" finished-at="2025-06-07T12:16:20 IST" duration-ms="2015" status="FAIL">
          <exception class="java.lang.AssertionError">
            <message>
              <![CDATA[expected [true] but found [false]]]>
            </message>
            <full-stacktrace>
              <![CDATA[java.lang.AssertionError: expected [true] but found [false]
at org.testng.Assert.fail(Assert.java:111)
at org.testng.Assert.failNotEquals(Assert.java:1578)
at org.testng.Assert.assertTrue(Assert.java:57)
at org.testng.Assert.assertTrue(Assert.java:67)
at com.qa.opencart.tests.CartClickTest.CartAdd(CartClickTest.java:16)
at java.base/jdk.internal.reflect.DirectMethodHandleAccessor.invoke(DirectMethodHandleAccessor.java:104)
at java.base/java.lang.reflect.Method.invoke(Method.java:565)
at org.testng.internal.invokers.MethodInvocationHelper.invokeMethod(MethodInvocationHelper.java:139)
at org.testng.internal.invokers.TestInvoker.invokeMethod(TestInvoker.java:664)
at org.testng.internal.invokers.TestInvoker.invokeTestMethod(TestInvoker.java:228)
at org.testng.internal.invokers.MethodRunner.runInSequence(MethodRunner.java:63)
at org.testng.internal.invokers.TestInvoker$MethodInvocationAgent.invoke(TestInvoker.java:961)
at org.testng.internal.invokers.TestInvoker.invokeTestMethods(TestInvoker.java:201)
at org.testng.internal.invokers.TestMethodWorker.invokeTestMethods(TestMethodWorker.java:148)
at org.testng.internal.invokers.TestMethodWorker.run(TestMethodWorker.java:128)
at java.base/java.util.ArrayList.forEach(ArrayList.java:1604)
at org.testng.TestRunner.privateRun(TestRunner.java:819)
at org.testng.TestRunner.run(TestRunner.java:619)
at org.testng.SuiteRunner.runTest(SuiteRunner.java:443)
at org.testng.SuiteRunner$SuiteWorker.run(SuiteRunner.java:481)
at org.testng.internal.thread.ThreadUtil.lambda$execute$0(ThreadUtil.java:58)
at java.base/java.util.concurrent.FutureTask.run(FutureTask.java:328)
at java.base/java.util.concurrent.ThreadPoolExecutor.runWorker(ThreadPoolExecutor.java:1095)
at java.base/java.util.concurrent.ThreadPoolExecutor$Worker.run(ThreadPoolExecutor.java:619)
at java.base/java.lang.Thread.run(Thread.java:1447)
]]>
            </full-stacktrace>
          </exception> <!-- java.lang.AssertionError -->
          <reporter-output>
          </reporter-output>
        </test-method> <!-- CartAdd -->
        <test-method is-config="true" signature="tearDown()[pri:0, instance:com.qa.opencart.tests.CartClickTest@23e84203]" started-at="2025-06-07T12:16:20 IST" name="tearDown" finished-at="2025-06-07T12:16:21 IST" duration-ms="304" status="PASS">
          <reporter-output>
          </reporter-output>
        </test-method> <!-- tearDown -->
      </class> <!-- com.qa.opencart.tests.CartClickTest -->
    </test> <!-- Iphone add to cart -->
  </suite> <!-- Open Cart Test Regression PW Suite -->
</testng-results>
